<?xml version="1.0" encoding="UTF-8"?>
<testsuite xmlns:xsi="http://www.w3.org/2001/XMLSchema-instance" xsi:noNamespaceSchemaLocation="https://maven.apache.org/surefire/maven-surefire-plugin/xsd/surefire-test-report.xsd" name="Test_Count" time="0.031" tests="4" errors="0" skipped="0" failures="0">
  <properties>
[...]
</properties>
  <testcase name="positive_2" classname="Test_Count" time="0.015"/>
  <testcase name="positive_1" classname="Test_Count" time="0.031"/>
  <testcase name="negative_1" classname="Test_Count" time="0"/>
  <testcase name="negative_2" classname="Test_Count" time="0.031"/>
</testsuite>